<?xml version="1.0" encoding="UTF-8"?>
<testsuite name="org.example.springboot.domain.posts.PostsRepositoryTest" tests="2" skipped="0" failures="0" errors="0" timestamp="2021-01-31T08:02:07" hostname="DESKTOP-UC9I5AE" time="0.364">
  <properties/>
  <testcase name="게시글저장_불러오기()" classname="org.example.springboot.domain.posts.PostsRepositoryTest" time="0.328"/>
  <testcase name="BaseTimeEntity_등록()" classname="org.example.springboot.domain.posts.PostsRepositoryTest" time="0.035"/>
  <system-out><![CDATA[17:02:00.666 [Test worker] DEBUG org.springframework.test.context.BootstrapUtils - Instantiating CacheAwareContextLoaderDelegate from class [org.springframework.test.context.cache.DefaultCacheAwareContextLoaderDelegate]
17:02:00.678 [Test worker] DEBUG org.springframework.test.context.BootstrapUtils - Instantiating BootstrapContext using constructor [public org.springframework.test.context.support.DefaultBootstrapContext(java.lang.Class,org.springframework.test.context.CacheAwareContextLoaderDelegate)]
17:02:00.714 [Test worker] DEBUG org.springframework.test.context.BootstrapUtils - Instantiating TestContextBootstrapper for test class [org.example.springboot.domain.posts.PostsRepositoryTest] from class [org.springframework.boot.test.context.SpringBootTestContextBootstrapper]
17:02:00.733 [Test worker] INFO org.springframework.boot.test.context.SpringBootTestContextBootstrapper - Neither @ContextConfiguration nor @ContextHierarchy found for test class [org.example.springboot.domain.posts.PostsRepositoryTest], using SpringBootContextLoader
17:02:00.738 [Test worker] DEBUG org.springframework.test.context.support.AbstractContextLoader - Did not detect default resource location for test class [org.example.springboot.domain.posts.PostsRepositoryTest]: class path resource [org/example/springboot/domain/posts/PostsRepositoryTest-context.xml] does not exist
17:02:00.738 [Test worker] DEBUG org.springframework.test.context.support.AbstractContextLoader - Did not detect default resource location for test class [org.example.springboot.domain.posts.PostsRepositoryTest]: class path resource [org/example/springboot/domain/posts/PostsRepositoryTestContext.groovy] does not exist
17:02:00.739 [Test worker] INFO org.springframework.test.context.support.AbstractContextLoader - Could not detect default resource locations for test class [org.example.springboot.domain.posts.PostsRepositoryTest]: no resource found for suffixes {-context.xml, Context.groovy}.
17:02:00.740 [Test worker] INFO org.springframework.test.context.support.AnnotationConfigContextLoaderUtils - Could not detect default configuration classes for test class [org.example.springboot.domain.posts.PostsRepositoryTest]: PostsRepositoryTest does not declare any static, non-private, non-final, nested classes annotated with @Configuration.
17:02:00.821 [Test worker] DEBUG org.springframework.test.context.support.ActiveProfilesUtils - Could not find an 'annotation declaring class' for annotation type [org.springframework.test.context.ActiveProfiles] and class [org.example.springboot.domain.posts.PostsRepositoryTest]
17:02:00.919 [Test worker] DEBUG org.springframework.context.annotation.ClassPathScanningCandidateComponentProvider - Identified candidate component class: file [C:\Users\SUNGJIN_KIM\Dev_File\IntelliJ_web\springboot-webservice\build\classes\java\main\org\example\springboot\Application.class]
17:02:00.920 [Test worker] INFO org.springframework.boot.test.context.SpringBootTestContextBootstrapper - Found @SpringBootConfiguration org.example.springboot.Application for test class org.example.springboot.domain.posts.PostsRepositoryTest
17:02:01.028 [Test worker] DEBUG org.springframework.boot.test.context.SpringBootTestContextBootstrapper - @TestExecutionListeners is not present for class [org.example.springboot.domain.posts.PostsRepositoryTest]: using defaults.
17:02:01.029 [Test worker] INFO org.springframework.boot.test.context.SpringBootTestContextBootstrapper - Loaded default TestExecutionListener class names from location [META-INF/spring.factories]: [org.springframework.security.test.context.support.WithSecurityContextTestExecutionListener, org.springframework.security.test.context.support.ReactorContextTestExecutionListener, org.springframework.boot.test.autoconfigure.restdocs.RestDocsTestExecutionListener, org.springframework.boot.test.autoconfigure.web.client.MockRestServiceServerResetTestExecutionListener, org.springframework.boot.test.autoconfigure.web.servlet.MockMvcPrintOnlyOnFailureTestExecutionListener, org.springframework.boot.test.autoconfigure.web.servlet.WebDriverTestExecutionListener, org.springframework.boot.test.autoconfigure.webservices.client.MockWebServiceServerTestExecutionListener, org.springframework.boot.test.mock.mockito.MockitoTestExecutionListener, org.springframework.boot.test.mock.mockito.ResetMocksTestExecutionListener, org.springframework.test.context.web.ServletTestExecutionListener, org.springframework.test.context.support.DirtiesContextBeforeModesTestExecutionListener, org.springframework.test.context.support.DependencyInjectionTestExecutionListener, org.springframework.test.context.support.DirtiesContextTestExecutionListener, org.springframework.test.context.transaction.TransactionalTestExecutionListener, org.springframework.test.context.jdbc.SqlScriptsTestExecutionListener, org.springframework.test.context.event.EventPublishingTestExecutionListener]
17:02:01.050 [Test worker] INFO org.springframework.boot.test.context.SpringBootTestContextBootstrapper - Using TestExecutionListeners: [org.springframework.test.context.web.ServletTestExecutionListener@553c359f, org.springframework.test.context.support.DirtiesContextBeforeModesTestExecutionListener@46ebcc57, org.springframework.boot.test.mock.mockito.MockitoTestExecutionListener@5ab71944, org.springframework.boot.test.autoconfigure.SpringBootDependencyInjectionTestExecutionListener@39ec953e, org.springframework.test.context.support.DirtiesContextTestExecutionListener@dc8df51, org.springframework.test.context.transaction.TransactionalTestExecutionListener@15d923cb, org.springframework.test.context.jdbc.SqlScriptsTestExecutionListener@7746750d, org.springframework.security.test.context.support.WithSecurityContextTestExecutionListener@2ade5bbe, org.springframework.test.context.event.EventPublishingTestExecutionListener@61a72be3, org.springframework.security.test.context.support.ReactorContextTestExecutionListener@3d3c8b67, org.springframework.boot.test.autoconfigure.restdocs.RestDocsTestExecutionListener@79966fd0, org.springframework.boot.test.autoconfigure.web.client.MockRestServiceServerResetTestExecutionListener@21cdd8f7, org.springframework.boot.test.autoconfigure.web.servlet.MockMvcPrintOnlyOnFailureTestExecutionListener@79ed071e, org.springframework.boot.test.autoconfigure.web.servlet.WebDriverTestExecutionListener@20d3dcf7, org.springframework.boot.test.autoconfigure.webservices.client.MockWebServiceServerTestExecutionListener@6a71dfd2, org.springframework.boot.test.mock.mockito.ResetMocksTestExecutionListener@25b4b80b]
17:02:01.054 [Test worker] DEBUG org.springframework.test.context.support.AbstractDirtiesContextTestExecutionListener - Before test class: context [DefaultTestContext@46b25d7b testClass = PostsRepositoryTest, testInstance = [null], testMethod = [null], testException = [null], mergedContextConfiguration = [WebMergedContextConfiguration@6ca4f9f4 testClass = PostsRepositoryTest, locations = '{}', classes = '{class org.example.springboot.Application}', contextInitializerClasses = '[]', activeProfiles = '{}', propertySourceLocations = '{}', propertySourceProperties = '{org.springframework.boot.test.context.SpringBootTestContextBootstrapper=true}', contextCustomizers = set[org.springframework.boot.test.autoconfigure.actuate.metrics.MetricsExportContextCustomizerFactory$DisableMetricExportContextCustomizer@6dcc1d5c, org.springframework.boot.test.autoconfigure.properties.PropertyMappingContextCustomizer@0, org.springframework.boot.test.autoconfigure.web.servlet.WebDriverContextCustomizerFactory$Customizer@3500a9da, org.springframework.boot.test.context.filter.ExcludeFilterContextCustomizer@777a11a9, org.springframework.boot.test.json.DuplicateJsonObjectContextCustomizerFactory$DuplicateJsonObjectContextCustomizer@4b122ba3, org.springframework.boot.test.mock.mockito.MockitoContextCustomizer@0, org.springframework.boot.test.web.client.TestRestTemplateContextCustomizer@3f650ab, org.springframework.boot.test.context.SpringBootTestArgs@1, org.springframework.boot.test.context.SpringBootTestWebEnvironment@5571a36], resourceBasePath = 'src/main/webapp', contextLoader = 'org.springframework.boot.test.context.SpringBootContextLoader', parent = [null]], attributes = map['org.springframework.test.context.web.ServletTestExecutionListener.activateListener' -> true]], class annotated with @DirtiesContext [false] with mode [null].
17:02:01.087 [Test worker] DEBUG org.springframework.test.context.support.TestPropertySourceUtils - Adding inlined properties to environment: {spring.jmx.enabled=false, org.springframework.boot.test.context.SpringBootTestContextBootstrapper=true}

  .   ____          _            __ _ _
 /\\ / ___'_ __ _ _(_)_ __  __ _ \ \ \ \
( ( )\___ | '_ | '_| | '_ \/ _` | \ \ \ \
 \\/  ___)| |_)| | | | | || (_| |  ) ) ) )
  '  |____| .__|_| |_|_| |_\__, | / / / /
 =========|_|==============|___/=/_/_/_/
 :: Spring Boot ::                (v2.4.1)

2021-01-31 17:02:01.360  INFO 7336 --- [    Test worker] o.e.s.domain.posts.PostsRepositoryTest   : Starting PostsRepositoryTest using Java 1.8.0_281 on DESKTOP-UC9I5AE with PID 7336 (started by SUNGJIN_KIM in C:\Users\SUNGJIN_KIM\Dev_File\IntelliJ_web\springboot-webservice)
2021-01-31 17:02:01.360  INFO 7336 --- [    Test worker] o.e.s.domain.posts.PostsRepositoryTest   : The following profiles are active: oauth
2021-01-31 17:02:02.053  INFO 7336 --- [    Test worker] .s.d.r.c.RepositoryConfigurationDelegate : Bootstrapping Spring Data JPA repositories in DEFAULT mode.
2021-01-31 17:02:02.132  INFO 7336 --- [    Test worker] .s.d.r.c.RepositoryConfigurationDelegate : Finished Spring Data repository scanning in 70 ms. Found 2 JPA repository interfaces.
2021-01-31 17:02:02.746  INFO 7336 --- [    Test worker] com.zaxxer.hikari.HikariDataSource       : HikariPool-1 - Starting...
2021-01-31 17:02:02.989  INFO 7336 --- [    Test worker] com.zaxxer.hikari.HikariDataSource       : HikariPool-1 - Start completed.
2021-01-31 17:02:03.076  INFO 7336 --- [    Test worker] o.hibernate.jpa.internal.util.LogHelper  : HHH000204: Processing PersistenceUnitInfo [name: default]
2021-01-31 17:02:03.151  INFO 7336 --- [    Test worker] org.hibernate.Version                    : HHH000412: Hibernate ORM core version 5.4.25.Final
2021-01-31 17:02:03.315  INFO 7336 --- [    Test worker] o.hibernate.annotations.common.Version   : HCANN000001: Hibernate Commons Annotations {5.1.2.Final}
2021-01-31 17:02:03.456  INFO 7336 --- [    Test worker] org.hibernate.dialect.Dialect            : HHH000400: Using dialect: org.hibernate.dialect.MySQL57Dialect
Hibernate: drop table if exists posts
Hibernate: drop table if exists user
Hibernate: create table posts (id bigint not null auto_increment, created_date datetime(6), modified_date datetime(6), author varchar(255), content TEXT not null, title varchar(500) not null, primary key (id)) engine=InnoDB
Hibernate: create table user (id bigint not null auto_increment, created_date datetime(6), modified_date datetime(6), email varchar(255) not null, name varchar(255) not null, picture varchar(255), role varchar(255) not null, primary key (id)) engine=InnoDB
2021-01-31 17:02:04.199  INFO 7336 --- [    Test worker] o.h.e.t.j.p.i.JtaPlatformInitiator       : HHH000490: Using JtaPlatform implementation: [org.hibernate.engine.transaction.jta.platform.internal.NoJtaPlatform]
2021-01-31 17:02:04.209  INFO 7336 --- [    Test worker] j.LocalContainerEntityManagerFactoryBean : Initialized JPA EntityManagerFactory for persistence unit 'default'
2021-01-31 17:02:04.883  WARN 7336 --- [    Test worker] JpaBaseConfiguration$JpaWebConfiguration : spring.jpa.open-in-view is enabled by default. Therefore, database queries may be performed during view rendering. Explicitly configure spring.jpa.open-in-view to disable this warning
2021-01-31 17:02:05.841  INFO 7336 --- [    Test worker] o.s.s.web.DefaultSecurityFilterChain     : Will secure any request with [org.springframework.security.web.context.request.async.WebAsyncManagerIntegrationFilter@6570bca9, org.springframework.security.web.context.SecurityContextPersistenceFilter@22767ada, org.springframework.security.web.header.HeaderWriterFilter@33dbe2d2, org.springframework.security.web.authentication.logout.LogoutFilter@64ac6afe, org.springframework.security.oauth2.client.web.OAuth2AuthorizationRequestRedirectFilter@2947f593, org.springframework.security.oauth2.client.web.OAuth2LoginAuthenticationFilter@25baf86f, org.springframework.security.web.authentication.ui.DefaultLoginPageGeneratingFilter@55cda50d, org.springframework.security.web.authentication.ui.DefaultLogoutPageGeneratingFilter@75fbaaca, org.springframework.security.web.savedrequest.RequestCacheAwareFilter@74926dc1, org.springframework.security.web.servletapi.SecurityContextHolderAwareRequestFilter@3607d7dc, org.springframework.security.web.authentication.AnonymousAuthenticationFilter@495c1af7, org.springframework.security.web.session.SessionManagementFilter@6085a63e, org.springframework.security.web.access.ExceptionTranslationFilter@16b2c1a6, org.springframework.security.web.access.intercept.FilterSecurityInterceptor@677e14ae]
2021-01-31 17:02:06.369  INFO 7336 --- [    Test worker] o.s.s.concurrent.ThreadPoolTaskExecutor  : Initializing ExecutorService 'applicationTaskExecutor'
2021-01-31 17:02:06.453  INFO 7336 --- [    Test worker] o.s.b.a.h2.H2ConsoleAutoConfiguration    : H2 console available at '/h2-console'. Database available at 'jdbc:h2:mem:testdb'
2021-01-31 17:02:06.525  INFO 7336 --- [    Test worker] o.s.b.a.w.s.WelcomePageHandlerMapping    : Adding welcome page template: index
2021-01-31 17:02:07.051  INFO 7336 --- [    Test worker] s.a.ScheduledAnnotationBeanPostProcessor : No TaskScheduler/ScheduledExecutorService bean found for scheduled processing
2021-01-31 17:02:07.062  INFO 7336 --- [    Test worker] o.e.s.domain.posts.PostsRepositoryTest   : Started PostsRepositoryTest in 5.967 seconds (JVM running for 7.422)
Hibernate: insert into posts (created_date, modified_date, author, content, title) values (?, ?, ?, ?, ?)
Hibernate: select posts0_.id as id1_0_, posts0_.created_date as created_2_0_, posts0_.modified_date as modified3_0_, posts0_.author as author4_0_, posts0_.content as content5_0_, posts0_.title as title6_0_ from posts posts0_
Hibernate: select posts0_.id as id1_0_, posts0_.created_date as created_2_0_, posts0_.modified_date as modified3_0_, posts0_.author as author4_0_, posts0_.content as content5_0_, posts0_.title as title6_0_ from posts posts0_
Hibernate: delete from posts where id=?
Hibernate: insert into posts (created_date, modified_date, author, content, title) values (?, ?, ?, ?, ?)
Hibernate: select posts0_.id as id1_0_, posts0_.created_date as created_2_0_, posts0_.modified_date as modified3_0_, posts0_.author as author4_0_, posts0_.content as content5_0_, posts0_.title as title6_0_ from posts posts0_
>>>>>>>>>>>>>>>> createDate=2021-01-31T17:02:07.417, modifiedDate=2021-01-31T17:02:07.417
Hibernate: select posts0_.id as id1_0_, posts0_.created_date as created_2_0_, posts0_.modified_date as modified3_0_, posts0_.author as author4_0_, posts0_.content as content5_0_, posts0_.title as title6_0_ from posts posts0_
Hibernate: delete from posts where id=?
]]></system-out>
  <system-err><![CDATA[]]></system-err>
</testsuite>
